<?xml version="1.0" encoding="UTF-8"?>
<!-- Generated by org.testng.reporters.JUnitReportReporter -->
<testsuite hostname="LIN51015218" failures="0" tests="1" name="tests.Main" time="9.156" errors="0" timestamp="2025-07-02T15:40:50 IST" skipped="0">
  <testcase classname="tests.Main" name="invoke" time="9.156"/>
</testsuite> <!-- tests.Main -->
