<?xml version="1.0" encoding="UTF-8"?>
<!-- Generated by org.testng.reporters.JUnitReportReporter -->
<testsuite hostname="LIN51015218" failures="0" tests="2" name="tests.demoFormTest" time="38.675" errors="0" timestamp="2025-07-01T20:32:32 IST" skipped="0">
  <testcase classname="tests.demoFormTest" name="navigationToWatchDemoPage" time="14.386"/>
  <testcase classname="tests.demoFormTest" name="verifyHomePageTitle" time="24.289"/>
</testsuite> <!-- tests.demoFormTest -->
