<?xml version="1.0" encoding="UTF-8"?>
<!-- Generated by org.testng.reporters.JUnitReportReporter -->
<testsuite hostname="LIN51015218" failures="0" tests="4" name="tests.demoFormTest" time="17.182" errors="0" timestamp="2025-07-02T00:49:00 IST" skipped="0">
  <testcase classname="tests.demoFormTest" name="verifyDropdownOptionSelectionInDropdown" time="0.228"/>
  <testcase classname="tests.demoFormTest" name="verifyTooltipIsDisplayedForInvalidPhone" time="0.575"/>
  <testcase classname="tests.demoFormTest" name="verifyNaviagationToWatchDemoPage" time="4.197"/>
  <testcase classname="tests.demoFormTest" name="verifyHomePageTitle" time="12.182"/>
</testsuite> <!-- tests.demoFormTest -->
